TN:
SF:C:\subin\Learning\TheScienceReddit\src\polyfills.ts
FNF:0
FNH:0
LF:0
LH:0
BRF:0
BRH:0
end_of_record
TN:
SF:C:\subin\Learning\TheScienceReddit\src\test.ts
FNF:0
FNH:0
DA:13,1
DA:18,1
DA:20,1
LF:3
LH:3
BRF:0
BRH:0
end_of_record
TN:
SF:C:\subin\Learning\TheScienceReddit\src\app\app.component.ts
FN:3,(anonymous_0)
FNF:1
FNH:1
FNDA:2,(anonymous_0)
DA:8,1
DA:9,2
LF:2
LH:2
BRF:0
BRH:0
end_of_record
TN:
SF:C:\subin\Learning\TheScienceReddit\src\app\reddit.service.ts
FN:13,(anonymous_0)
FN:15,(anonymous_1)
FN:20,(anonymous_2)
FN:26,(anonymous_3)
FN:30,(anonymous_4)
FN:34,(anonymous_5)
FNF:6
FNH:6
FNDA:28,(anonymous_0)
FNDA:18,(anonymous_1)
FNDA:1,(anonymous_2)
FNDA:1,(anonymous_3)
FNDA:7,(anonymous_4)
FNDA:18,(anonymous_5)
DA:10,1
DA:11,28
DA:12,28
DA:13,28
DA:16,18
DA:17,18
DA:21,1
DA:22,1
DA:23,1
DA:27,1
DA:28,1
DA:31,7
DA:32,7
DA:35,18
DA:36,18
LF:15
LH:15
BRF:0
BRH:0
end_of_record
TN:
SF:C:\subin\Learning\TheScienceReddit\src\app\round-to-thousand.pipe.ts
FN:8,(anonymous_0)
FNF:1
FNH:1
FNDA:36,(anonymous_0)
DA:6,1
DA:10,36
DA:14,36
DA:15,36
DA:16,17
DA:19,19
DA:21,19
LF:7
LH:7
BRDA:15,0,0,17
BRDA:15,0,1,19
BRF:2
BRH:2
end_of_record
TN:
SF:C:\subin\Learning\TheScienceReddit\src\app\about\about.component.ts
FN:10,(anonymous_0)
FN:12,(anonymous_1)
FNF:2
FNH:2
FNDA:1,(anonymous_0)
FNDA:1,(anonymous_1)
DA:8,1
LF:1
LH:1
BRF:0
BRH:0
end_of_record
TN:
SF:C:\subin\Learning\TheScienceReddit\src\app\contact\contact.component.ts
FN:10,(anonymous_0)
FN:12,(anonymous_1)
FNF:2
FNH:2
FNDA:1,(anonymous_0)
FNDA:1,(anonymous_1)
DA:8,1
LF:1
LH:1
BRF:0
BRH:0
end_of_record
TN:
SF:C:\subin\Learning\TheScienceReddit\src\app\footer\footer.component.ts
FN:10,(anonymous_0)
FN:12,(anonymous_1)
FNF:2
FNH:2
FNDA:3,(anonymous_0)
FNDA:1,(anonymous_1)
DA:8,1
LF:1
LH:1
BRF:0
BRH:0
end_of_record
TN:
SF:C:\subin\Learning\TheScienceReddit\src\app\header\header.component.ts
FN:10,(anonymous_0)
FN:12,(anonymous_1)
FN:16,(anonymous_2)
FNF:3
FNH:3
FNDA:4,(anonymous_0)
FNDA:2,(anonymous_1)
FNDA:1,(anonymous_2)
DA:8,1
DA:9,4
DA:17,1
LF:3
LH:3
BRF:0
BRH:0
end_of_record
TN:
SF:C:\subin\Learning\TheScienceReddit\src\app\home\home.component.ts
FN:36,(anonymous_0)
FN:38,(anonymous_1)
FN:44,(anonymous_2)
FN:50,(anonymous_3)
FN:56,(anonymous_4)
FN:64,(anonymous_5)
FN:67,(anonymous_6)
FN:76,(anonymous_7)
FN:84,(anonymous_8)
FN:87,(anonymous_9)
FN:96,(anonymous_10)
FN:104,(anonymous_11)
FN:105,(anonymous_12)
FN:109,(anonymous_13)
FN:115,(anonymous_14)
FNF:15
FNH:15
FNDA:18,(anonymous_0)
FNDA:18,(anonymous_1)
FNDA:20,(anonymous_2)
FNDA:19,(anonymous_3)
FNDA:1,(anonymous_4)
FNDA:2,(anonymous_5)
FNDA:1,(anonymous_6)
FNDA:1,(anonymous_7)
FNDA:2,(anonymous_8)
FNDA:1,(anonymous_9)
FNDA:1,(anonymous_10)
FNDA:20,(anonymous_11)
FNDA:19,(anonymous_12)
FNDA:1,(anonymous_13)
FNDA:1,(anonymous_14)
DA:14,1
DA:15,18
DA:16,18
DA:17,18
DA:32,18
DA:33,18
DA:34,18
DA:36,18
DA:39,18
DA:40,18
DA:46,20
DA:47,20
DA:48,20
DA:49,20
DA:50,20
DA:51,19
DA:52,19
DA:53,19
DA:54,19
DA:57,1
DA:58,1
DA:65,2
DA:66,2
DA:67,2
DA:68,1
DA:69,1
DA:70,1
DA:77,1
DA:78,1
DA:85,2
DA:86,2
DA:87,2
DA:88,1
DA:89,1
DA:94,1
DA:97,1
DA:98,1
DA:105,20
DA:106,19
DA:107,19
DA:110,1
DA:116,1
LF:42
LH:42
BRF:0
BRH:0
end_of_record
TN:
SF:C:\subin\Learning\TheScienceReddit\src\app\post\post.component.ts
FN:27,(anonymous_0)
FN:32,(anonymous_1)
FNF:2
FNH:2
FNDA:5,(anonymous_0)
FNDA:5,(anonymous_1)
DA:9,1
DA:12,5
DA:28,5
DA:29,5
DA:33,5
DA:34,5
DA:35,5
LF:7
LH:7
BRF:0
BRH:0
end_of_record
TN:
SF:C:\subin\Learning\TheScienceReddit\src\app\user\user.component.ts
FN:28,(anonymous_0)
FN:34,(anonymous_1)
FN:39,(anonymous_2)
FN:41,(anonymous_3)
FN:47,(anonymous_4)
FNF:5
FNH:5
FNDA:7,(anonymous_0)
FNDA:7,(anonymous_1)
FNDA:9,(anonymous_2)
FNDA:8,(anonymous_3)
FNDA:1,(anonymous_4)
DA:11,1
DA:12,7
DA:13,7
DA:29,7
DA:30,7
DA:31,7
DA:35,7
DA:40,9
DA:41,9
DA:42,8
DA:43,8
DA:44,8
DA:45,8
DA:48,1
LF:14
LH:14
BRF:0
BRH:0
end_of_record
TN:
SF:C:\subin\Learning\TheScienceReddit\src\environments\environment.ts
FNF:0
FNH:0
DA:5,1
LF:1
LH:1
BRF:0
BRH:0
end_of_record
